2025/08/31 22:00:51 Received {c0 n0 {"type":"init","node_id":"n0","node_ids":["n0"],"msg_id":1}}
2025/08/31 22:00:51 Node n0 initialized
2025/08/31 22:00:51 Sent {"src":"n0","dest":"c0","body":{"in_reply_to":1,"type":"init_ok"}}
2025/08/31 22:00:51 Received {c2 n0 {"echo":"Please echo 111","type":"echo","msg_id":1}}
2025/08/31 22:00:51 Sent {"src":"n0","dest":"c2","body":{"echo":"Please echo 111","in_reply_to":1,"msg_id":1,"type":"echo_ok"}}
2025/08/31 22:00:52 Received {c2 n0 {"echo":"Please echo 37","type":"echo","msg_id":2}}
2025/08/31 22:00:52 Sent {"src":"n0","dest":"c2","body":{"echo":"Please echo 37","in_reply_to":2,"msg_id":2,"type":"echo_ok"}}
2025/08/31 22:00:52 Received {c2 n0 {"echo":"Please echo 62","type":"echo","msg_id":3}}
2025/08/31 22:00:52 Sent {"src":"n0","dest":"c2","body":{"echo":"Please echo 62","in_reply_to":3,"msg_id":3,"type":"echo_ok"}}
2025/08/31 22:00:52 Received {c2 n0 {"echo":"Please echo 116","type":"echo","msg_id":4}}
2025/08/31 22:00:52 Sent {"src":"n0","dest":"c2","body":{"echo":"Please echo 116","in_reply_to":4,"msg_id":4,"type":"echo_ok"}}
2025/08/31 22:00:52 Received {c2 n0 {"echo":"Please echo 76","type":"echo","msg_id":5}}
2025/08/31 22:00:52 Sent {"src":"n0","dest":"c2","body":{"echo":"Please echo 76","in_reply_to":5,"msg_id":5,"type":"echo_ok"}}
2025/08/31 22:00:52 Received {c2 n0 {"echo":"Please echo 73","type":"echo","msg_id":6}}
2025/08/31 22:00:52 Sent {"src":"n0","dest":"c2","body":{"echo":"Please echo 73","in_reply_to":6,"msg_id":6,"type":"echo_ok"}}
2025/08/31 22:00:52 Received {c2 n0 {"echo":"Please echo 43","type":"echo","msg_id":7}}
2025/08/31 22:00:52 Sent {"src":"n0","dest":"c2","body":{"echo":"Please echo 43","in_reply_to":7,"msg_id":7,"type":"echo_ok"}}
2025/08/31 22:00:53 Received {c2 n0 {"echo":"Please echo 108","type":"echo","msg_id":8}}
2025/08/31 22:00:53 Sent {"src":"n0","dest":"c2","body":{"echo":"Please echo 108","in_reply_to":8,"msg_id":8,"type":"echo_ok"}}
2025/08/31 22:00:53 Received {c2 n0 {"echo":"Please echo 40","type":"echo","msg_id":9}}
2025/08/31 22:00:53 Sent {"src":"n0","dest":"c2","body":{"echo":"Please echo 40","in_reply_to":9,"msg_id":9,"type":"echo_ok"}}
2025/08/31 22:00:53 Received {c2 n0 {"echo":"Please echo 65","type":"echo","msg_id":10}}
2025/08/31 22:00:53 Sent {"src":"n0","dest":"c2","body":{"echo":"Please echo 65","in_reply_to":10,"msg_id":10,"type":"echo_ok"}}
2025/08/31 22:00:53 Received {c2 n0 {"echo":"Please echo 31","type":"echo","msg_id":11}}
2025/08/31 22:00:53 Sent {"src":"n0","dest":"c2","body":{"echo":"Please echo 31","in_reply_to":11,"msg_id":11,"type":"echo_ok"}}
2025/08/31 22:00:53 Received {c2 n0 {"echo":"Please echo 81","type":"echo","msg_id":12}}
2025/08/31 22:00:53 Sent {"src":"n0","dest":"c2","body":{"echo":"Please echo 81","in_reply_to":12,"msg_id":12,"type":"echo_ok"}}
2025/08/31 22:00:54 Received {c2 n0 {"echo":"Please echo 53","type":"echo","msg_id":13}}
2025/08/31 22:00:54 Sent {"src":"n0","dest":"c2","body":{"echo":"Please echo 53","in_reply_to":13,"msg_id":13,"type":"echo_ok"}}
2025/08/31 22:00:54 Received {c2 n0 {"echo":"Please echo 63","type":"echo","msg_id":14}}
2025/08/31 22:00:54 Sent {"src":"n0","dest":"c2","body":{"echo":"Please echo 63","in_reply_to":14,"msg_id":14,"type":"echo_ok"}}
2025/08/31 22:00:54 Received {c2 n0 {"echo":"Please echo 84","type":"echo","msg_id":15}}
2025/08/31 22:00:54 Sent {"src":"n0","dest":"c2","body":{"echo":"Please echo 84","in_reply_to":15,"msg_id":15,"type":"echo_ok"}}
2025/08/31 22:00:54 Received {c2 n0 {"echo":"Please echo 79","type":"echo","msg_id":16}}
2025/08/31 22:00:54 Sent {"src":"n0","dest":"c2","body":{"echo":"Please echo 79","in_reply_to":16,"msg_id":16,"type":"echo_ok"}}
2025/08/31 22:00:55 Received {c2 n0 {"echo":"Please echo 50","type":"echo","msg_id":17}}
2025/08/31 22:00:55 Sent {"src":"n0","dest":"c2","body":{"echo":"Please echo 50","in_reply_to":17,"msg_id":17,"type":"echo_ok"}}
2025/08/31 22:00:55 Received {c2 n0 {"echo":"Please echo 56","type":"echo","msg_id":18}}
2025/08/31 22:00:55 Sent {"src":"n0","dest":"c2","body":{"echo":"Please echo 56","in_reply_to":18,"msg_id":18,"type":"echo_ok"}}
2025/08/31 22:00:55 Received {c2 n0 {"echo":"Please echo 123","type":"echo","msg_id":19}}
2025/08/31 22:00:55 Sent {"src":"n0","dest":"c2","body":{"echo":"Please echo 123","in_reply_to":19,"msg_id":19,"type":"echo_ok"}}
2025/08/31 22:00:56 Received {c2 n0 {"echo":"Please echo 97","type":"echo","msg_id":20}}
2025/08/31 22:00:56 Sent {"src":"n0","dest":"c2","body":{"echo":"Please echo 97","in_reply_to":20,"msg_id":20,"type":"echo_ok"}}
2025/08/31 22:00:56 Received {c2 n0 {"echo":"Please echo 85","type":"echo","msg_id":21}}
2025/08/31 22:00:56 Sent {"src":"n0","dest":"c2","body":{"echo":"Please echo 85","in_reply_to":21,"msg_id":21,"type":"echo_ok"}}
2025/08/31 22:00:56 Received {c2 n0 {"echo":"Please echo 90","type":"echo","msg_id":22}}
2025/08/31 22:00:56 Sent {"src":"n0","dest":"c2","body":{"echo":"Please echo 90","in_reply_to":22,"msg_id":22,"type":"echo_ok"}}
2025/08/31 22:00:56 Received {c2 n0 {"echo":"Please echo 86","type":"echo","msg_id":23}}
2025/08/31 22:00:56 Sent {"src":"n0","dest":"c2","body":{"echo":"Please echo 86","in_reply_to":23,"msg_id":23,"type":"echo_ok"}}
2025/08/31 22:00:56 Received {c2 n0 {"echo":"Please echo 75","type":"echo","msg_id":24}}
2025/08/31 22:00:56 Sent {"src":"n0","dest":"c2","body":{"echo":"Please echo 75","in_reply_to":24,"msg_id":24,"type":"echo_ok"}}
2025/08/31 22:00:56 Received {c2 n0 {"echo":"Please echo 57","type":"echo","msg_id":25}}
2025/08/31 22:00:56 Sent {"src":"n0","dest":"c2","body":{"echo":"Please echo 57","in_reply_to":25,"msg_id":25,"type":"echo_ok"}}
2025/08/31 22:00:57 Received {c2 n0 {"echo":"Please echo 121","type":"echo","msg_id":26}}
2025/08/31 22:00:57 Sent {"src":"n0","dest":"c2","body":{"echo":"Please echo 121","in_reply_to":26,"msg_id":26,"type":"echo_ok"}}
2025/08/31 22:00:57 Received {c2 n0 {"echo":"Please echo 17","type":"echo","msg_id":27}}
2025/08/31 22:00:57 Sent {"src":"n0","dest":"c2","body":{"echo":"Please echo 17","in_reply_to":27,"msg_id":27,"type":"echo_ok"}}
2025/08/31 22:00:57 Received {c2 n0 {"echo":"Please echo 121","type":"echo","msg_id":28}}
2025/08/31 22:00:57 Sent {"src":"n0","dest":"c2","body":{"echo":"Please echo 121","in_reply_to":28,"msg_id":28,"type":"echo_ok"}}
2025/08/31 22:00:57 Received {c2 n0 {"echo":"Please echo 21","type":"echo","msg_id":29}}
2025/08/31 22:00:57 Sent {"src":"n0","dest":"c2","body":{"echo":"Please echo 21","in_reply_to":29,"msg_id":29,"type":"echo_ok"}}
2025/08/31 22:00:57 Received {c2 n0 {"echo":"Please echo 24","type":"echo","msg_id":30}}
2025/08/31 22:00:57 Sent {"src":"n0","dest":"c2","body":{"echo":"Please echo 24","in_reply_to":30,"msg_id":30,"type":"echo_ok"}}
2025/08/31 22:00:58 Received {c2 n0 {"echo":"Please echo 36","type":"echo","msg_id":31}}
2025/08/31 22:00:58 Sent {"src":"n0","dest":"c2","body":{"echo":"Please echo 36","in_reply_to":31,"msg_id":31,"type":"echo_ok"}}
2025/08/31 22:00:58 Received {c2 n0 {"echo":"Please echo 28","type":"echo","msg_id":32}}
2025/08/31 22:00:58 Sent {"src":"n0","dest":"c2","body":{"echo":"Please echo 28","in_reply_to":32,"msg_id":32,"type":"echo_ok"}}
2025/08/31 22:00:58 Received {c2 n0 {"echo":"Please echo 3","type":"echo","msg_id":33}}
2025/08/31 22:00:58 Sent {"src":"n0","dest":"c2","body":{"echo":"Please echo 3","in_reply_to":33,"msg_id":33,"type":"echo_ok"}}
2025/08/31 22:00:58 Received {c2 n0 {"echo":"Please echo 10","type":"echo","msg_id":34}}
2025/08/31 22:00:58 Sent {"src":"n0","dest":"c2","body":{"echo":"Please echo 10","in_reply_to":34,"msg_id":34,"type":"echo_ok"}}
2025/08/31 22:00:58 Received {c2 n0 {"echo":"Please echo 27","type":"echo","msg_id":35}}
2025/08/31 22:00:58 Sent {"src":"n0","dest":"c2","body":{"echo":"Please echo 27","in_reply_to":35,"msg_id":35,"type":"echo_ok"}}
2025/08/31 22:00:58 Received {c2 n0 {"echo":"Please echo 91","type":"echo","msg_id":36}}
2025/08/31 22:00:58 Sent {"src":"n0","dest":"c2","body":{"echo":"Please echo 91","in_reply_to":36,"msg_id":36,"type":"echo_ok"}}
2025/08/31 22:00:58 Received {c2 n0 {"echo":"Please echo 75","type":"echo","msg_id":37}}
2025/08/31 22:00:58 Sent {"src":"n0","dest":"c2","body":{"echo":"Please echo 75","in_reply_to":37,"msg_id":37,"type":"echo_ok"}}
2025/08/31 22:00:59 Received {c2 n0 {"echo":"Please echo 5","type":"echo","msg_id":38}}
2025/08/31 22:00:59 Sent {"src":"n0","dest":"c2","body":{"echo":"Please echo 5","in_reply_to":38,"msg_id":38,"type":"echo_ok"}}
2025/08/31 22:00:59 Received {c2 n0 {"echo":"Please echo 83","type":"echo","msg_id":39}}
2025/08/31 22:00:59 Sent {"src":"n0","dest":"c2","body":{"echo":"Please echo 83","in_reply_to":39,"msg_id":39,"type":"echo_ok"}}
2025/08/31 22:00:59 Received {c2 n0 {"echo":"Please echo 64","type":"echo","msg_id":40}}
2025/08/31 22:00:59 Sent {"src":"n0","dest":"c2","body":{"echo":"Please echo 64","in_reply_to":40,"msg_id":40,"type":"echo_ok"}}
2025/08/31 22:01:00 Received {c2 n0 {"echo":"Please echo 86","type":"echo","msg_id":41}}
2025/08/31 22:01:00 Sent {"src":"n0","dest":"c2","body":{"echo":"Please echo 86","in_reply_to":41,"msg_id":41,"type":"echo_ok"}}
2025/08/31 22:01:00 Received {c2 n0 {"echo":"Please echo 102","type":"echo","msg_id":42}}
2025/08/31 22:01:00 Sent {"src":"n0","dest":"c2","body":{"echo":"Please echo 102","in_reply_to":42,"msg_id":42,"type":"echo_ok"}}
2025/08/31 22:01:00 Received {c2 n0 {"echo":"Please echo 74","type":"echo","msg_id":43}}
2025/08/31 22:01:00 Sent {"src":"n0","dest":"c2","body":{"echo":"Please echo 74","in_reply_to":43,"msg_id":43,"type":"echo_ok"}}
2025/08/31 22:01:00 Received {c2 n0 {"echo":"Please echo 119","type":"echo","msg_id":44}}
2025/08/31 22:01:00 Sent {"src":"n0","dest":"c2","body":{"echo":"Please echo 119","in_reply_to":44,"msg_id":44,"type":"echo_ok"}}
2025/08/31 22:01:00 Received {c2 n0 {"echo":"Please echo 113","type":"echo","msg_id":45}}
2025/08/31 22:01:00 Sent {"src":"n0","dest":"c2","body":{"echo":"Please echo 113","in_reply_to":45,"msg_id":45,"type":"echo_ok"}}
2025/08/31 22:01:00 Received {c2 n0 {"echo":"Please echo 74","type":"echo","msg_id":46}}
2025/08/31 22:01:00 Sent {"src":"n0","dest":"c2","body":{"echo":"Please echo 74","in_reply_to":46,"msg_id":46,"type":"echo_ok"}}
2025/08/31 22:01:01 Received {c2 n0 {"echo":"Please echo 75","type":"echo","msg_id":47}}
2025/08/31 22:01:01 Sent {"src":"n0","dest":"c2","body":{"echo":"Please echo 75","in_reply_to":47,"msg_id":47,"type":"echo_ok"}}
2025/08/31 22:01:01 Received {c2 n0 {"echo":"Please echo 63","type":"echo","msg_id":48}}
2025/08/31 22:01:01 Sent {"src":"n0","dest":"c2","body":{"echo":"Please echo 63","in_reply_to":48,"msg_id":48,"type":"echo_ok"}}
2025/08/31 22:01:01 Received {c2 n0 {"echo":"Please echo 64","type":"echo","msg_id":49}}
2025/08/31 22:01:01 Sent {"src":"n0","dest":"c2","body":{"echo":"Please echo 64","in_reply_to":49,"msg_id":49,"type":"echo_ok"}}
2025/08/31 22:01:01 Received {c2 n0 {"echo":"Please echo 105","type":"echo","msg_id":50}}
2025/08/31 22:01:01 Sent {"src":"n0","dest":"c2","body":{"echo":"Please echo 105","in_reply_to":50,"msg_id":50,"type":"echo_ok"}}
